<?xml version="1.0" encoding="UTF-8"?>
<testng-results skipped="0" failed="0" ignored="0" total="1" passed="1">
  <reporter-output>
  </reporter-output>
  <suite name="Surefire suite" duration-ms="385" started-at="2020-04-13T19:42:25 CLT" finished-at="2020-04-13T19:42:26 CLT">
    <groups>
    </groups>
    <test name="Surefire test" duration-ms="385" started-at="2020-04-13T19:42:25 CLT" finished-at="2020-04-13T19:42:26 CLT">
      <class name="test.conexionTest">
        <test-method status="PASS" signature="test()" name="test" duration-ms="339" started-at="2020-04-13T19:42:25 CLT" finished-at="2020-04-13T19:42:26 CLT">
          <reporter-output>
          </reporter-output>
        </test-method> <!-- test -->
      </class> <!-- test.conexionTest -->
    </test> <!-- Surefire test -->
  </suite> <!-- Surefire suite -->
</testng-results>
